Using cuda:0
Start testing...




src:  헉 진짜?
gt    (0.403880): 난 몰랐는데
trg 0 (0.456973): 그게 몇 년도 사건이야?
trg 1 (0.450655): 많이 안 다쳤어?
trg 2 (0.432643): 왜 출근했대?
trg 3 (0.428205): 그래서 문 안 열어 줬구나!
trg 4 (0.420459): 나는 왜 몰랐지?
trg 5 (0.419219): 몰랐어!
trg 6 (0.416292): 무슨 사고 쳤어?
trg 7 (0.413059): 그건 몰랐네
trg 8 (0.406639): 나는 못 봤는데
trg 9 (0.405577): 어디 있었어?
--------------------------------------------------


src:  아니 나는 판타지 좋아해 하하 너는?
gt    (0.445892): 나는 호러 영화 좋아해
trg 0 (0.684055): 오 너는 판타지 좋아해?
trg 1 (0.606296): 그럼 좋아하지! 장르가 로맨스 판타지 인가?
trg 2 (0.538615): 나는 주로 로맨스를 좋아해
trg 3 (0.503192): 오호 왜 좋아하는거야?
trg 4 (0.501578): 나는 마블영화 같은 액션영화 좋아해
trg 5 (0.498396): 난 패신저스 재밌게 봤어!
trg 6 (0.495659): 나는 액션이랑 로맨스 봐
trg 7 (0.484100): 나는 액션 영화가 좋더라 액션 영화도 좋아해?
trg 8 (0.483742): 나는 게임 장르는 뭐든 안가리고 다 좋아해!
trg 9 (0.476006): 나도 로맨스 장르 좋아해
--------------------------------------------------


src:  나중에 커서 엄청 후회하겠다
gt    (0.414815): 후회까지는 아니더라도 이불 박치기는 하지 않을까?
trg 0 (0.493065): 나중에 내 자식은 그랬으면 좋겠다
trg 1 (0.468984): 그러게 요즈음 애들 사춘기는 더 어려운거 같아
trg 2 (0.465489): 응 아니면 진짜 어린 아기 [UNK]
trg 3 (0.464724): 그치 첫째는 그래도 다 해봤잖아~
trg 4 (0.461684): 응 나는 그래서 극구 말렸지
trg 5 (0.453813): 부모가 자식 인생 망쳤어 [UNK]
trg 6 (0.449277): 응 그리고 막 키우는 시대도 지나서
trg 7 (0.447844): [UNK] 그러게, 자식이 잘 챙기는게 중요할 듯
trg 8 (0.445425): 내 친구들도 대부분 후회중인 것 같더라
trg 9 (0.444823): 그니까... 어차피 지금은 못 가지만 애들이랑 가서 그런 일 겪으면...
--------------------------------------------------


src:  웅 하하
gt    (0.243971): 거기 좋았는디 하하
trg 0 (0.419559): 근데 [UNK] 다 할거같아
trg 1 (0.409050): 비밀공간이 있어 두분만의
trg 2 (0.405212): 내가 벌려두면 시엄마가 다 정리하려고 하시잖아 라고
trg 3 (0.397344): 근데 공유오빠랑 조정석오빠보고 생각이 달라짐 하하
trg 4 (0.392351): 대신 누구네 집 먼저 가고 이런건 신경안쓰심
trg 5 (0.389391): 화장실만 좀불편해 끌릴까봐
trg 6 (0.388915): 그리고 임부복
trg 7 (0.385910): 두타 가자으~
trg 8 (0.385283): 근데 또 날짜 여유있으면 까먹는거같어
trg 9 (0.381138): 바둥거릴때 와서 [UNK] 꺼내주는 남자
--------------------------------------------------


src:  나도 두통 엄청 심했어!
gt    (0.361940): 우리 같이 손잡고 병원 가야겠다
trg 0 (0.579148): 진짜 나는 머리 아파서 타이레놀 두 알 먹었어 [UNK]
trg 1 (0.517713): 근데 나는 좀 근육통이랑 피곤함, 두통 이거 정도?
trg 2 (0.512228): 너 몸살 오고 있나 봐 [UNK]
trg 3 (0.508327): 후유증이 장난이 아니래!
trg 4 (0.505551): 한의원 가면 체질별로 약 처방해줘!
trg 5 (0.505415): 소염제 잘 먹고 진통제도 처방 받았어?
trg 6 (0.504901): 너는 아픈 곳 있어?
trg 7 (0.501119): 약 먹으면 좀 괜찮아져?
trg 8 (0.497603): 앗 #[UNK]이름#이? 근데 나도 어제 잠 [UNK]는데 지금 약간 어지러워,
trg 9 (0.493800): 너네도 손목 아파?
--------------------------------------------------


src:  맞[UNK]
gt    (0.273384): 혼자 살아보고 싶어[UNK]
trg 0 (0.373418): 나 그 인형 갖고 싶음!
trg 1 (0.371777): 요즘 갑자기 영상 많이 뜨더라 맞아
trg 2 (0.366712): 케이문화 난리잖아 요즘 맞아
trg 3 (0.365247): 그리고 취소해야지 했다가 그냥 결제되고 또 생각남
trg 4 (0.359332): 근데 생각해보면 희동이 [UNK]가 제일 빌런
trg 5 (0.357214): 대한항공이 짱이야
trg 6 (0.356028): 애들이 그거 가지고 일부러 차에 치이고 돈 받는 다는데 맞아
trg 7 (0.354451): 그리고 진돗개도 귀여움
trg 8 (0.354151): 버스 너무 막 달려 [UNK]
trg 9 (0.353878): 그때 진짜 사람 장난 아니야
--------------------------------------------------


src:  공항 고속도로야 아직
gt    (0.152953): 치면 진짜 죽어
trg 0 (0.557671): 아니 고속도로까지
trg 1 (0.538562): 1차선만 좌회전인데?
trg 2 (0.498637): 원당태리도로라고
trg 3 (0.496239): 이리 가도 저리 가도 막힘
trg 4 (0.494836): 거기 길도 이상해서 운전 어렵다고 하던데
trg 5 (0.490213): 거기가 종점이라
trg 6 (0.487172): 정촌에선 1시간 정두 걸릴 듯 [UNK]
trg 7 (0.482838): 진짜 넘 막혀 [UNK]
trg 8 (0.480158): 앞에서부터 계속 지연...지연 하도보니...
trg 9 (0.474832): 20분정도면 완전 벗어난 건디
--------------------------------------------------


src:  필요한 미용이 있나 싶어.
gt    (0.245254): 있으면 시켜야지.
trg 0 (0.523296): 정수리 타투? 그거 검색해봐봐.
trg 1 (0.505945): 이발은 조금 뜻밖이긴 하네. 머리도 스타일인데.
trg 2 (0.497772): 하고싶은거 다 하는거 아니야?
trg 3 (0.497602): 미용은 갈수록 필요한 기술이라고 생각해
trg 4 (0.487745): 아무래도 전문가한테 배우니까.
trg 5 (0.483168): 비싸다고는 하던데.
trg 6 (0.477213): 우리 딸 머리도 해주고 말이야.
trg 7 (0.469223): 헤어컷 비용도 2만원까지 해서 너무 비싸다고 생각해.
trg 8 (0.466986): 몰랐어 털때문에 피부가 나빠지지 않을까 해서 물어봤어
trg 9 (0.462062): 그럼 부분 미용을 한 번 맡겨보고 결정해야겠다.
--------------------------------------------------


src:  그거는 진짜 도박이지
gt    (0.143036): 가르마펌이 잘 어울릴꺼 같아
trg 0 (0.537542): 난 그냥 도박이랑 비슷한거 같아서 별로더라
trg 1 (0.509344): 코인 가격 다시 올랐어
trg 2 (0.509011): 공매도도 엄청 하잖아
trg 3 (0.508306): 투기도 괜찮지
trg 4 (0.492548): 비트코인 완전 급락할 듯
trg 5 (0.478138): 돈 없으면 못하던데?
trg 6 (0.476900): 그래도 아이템으로 진짜 돈으로 거래를 하니깐 제테크지
trg 7 (0.473298): 나는 도지 유명할 때 도지코인 했었어
trg 8 (0.471711): 알트코인에 몰빵은 진짜 멍청한 짓이다
trg 9 (0.470323): 부자들만 할 수 있는 게임이네
--------------------------------------------------


src:  할 통돌이면 이불 빨래 [UNK]가능인데!
gt    (0.549582): 근데 널만한 곳이 좀 그래서 그냥 빨래방이 편하더라
trg 0 (0.549582): 근데 널만한 곳이 좀 그래서 그냥 빨래방이 편하더라
trg 1 (0.511894): 코인세탁방 가서 빨게?
trg 2 (0.511890): 기숙사 세탁기로 돌려! 너는?
trg 3 (0.507765): 그니까 건조기 있어야 해
trg 4 (0.507449): 아 그럼 빨래 걱정 안 해도 되고!
trg 5 (0.506577): 세탁기 바꿔야겠더라[UNK]
trg 6 (0.496942): 아 빨리 들고 온나 [UNK] 곧 틀어야 됨
trg 7 (0.488302): 너무 무거워 빨래가 ᄏ
trg 8 (0.487845): 너 건조기 한 번도 안 써봤지?
trg 9 (0.478324): 그래도 틀기전 한번 더해야 하지 않을까?
--------------------------------------------------


src:  아하 그러네 그건 무리겠다 [UNK]
gt    (0.196059): 어휴 아무튼 뭐 일 잘 잡고 근처에 집 잘 구하는 게 우선이지
trg 0 (0.511922): 응응 어쩔수없지 대안이 없으니
trg 1 (0.511094): 웅 다만 환승하면 도착시간이 45분 늦어지긴해...
trg 2 (0.477146): 강남역 도착하는건 있는데 회사도 좀 걸어야하구 집앞에 빨간버스 타는 버정은 없어 [UNK]
trg 3 (0.470825): 퇴근하고 집에오면 차댈데가 없어[UNK]
trg 4 (0.465949): 그래서 더 사야하는데 못사겠어[UNK]
trg 5 (0.460917): 응 하하 그게 훨씬 이득일 것 같아
trg 6 (0.458583): 그치 그런건 직접 문의하고 해야해
trg 7 (0.458241): 조금 걸리긴하네
trg 8 (0.456421): 그치 안그러면 배달 시켜먹을듯 [UNK]
trg 9 (0.453466): 응.마을버스는 전용차선으로 안 다녀 시간이 오래걸러
--------------------------------------------------


src:  그게 가장 중요하지
gt    (0.237580): 난 돈도 산책도 주 보호자 [UNK]
trg 0 (0.492923): 맞아 그거 중요하지
trg 1 (0.467231): 그렇지 그게 문제지 중요해
trg 2 (0.466105): 잘 맞춰가 봐
trg 3 (0.464973): 나는 교통도 중요하더라
trg 4 (0.456705): 어딘 지가 중요해?
trg 5 (0.455874): 숙소 잡을 땐 침구랑 화장실이 제일 중요해
trg 6 (0.449516): 오 그것도 중요하긴 하네
trg 7 (0.428543): 최대한 붙어있어야겠어
trg 8 (0.428144): 나는 화장실이 안에 있는지 밖에 있는지
trg 9 (0.425287): 여행은 계획이 반 넘지
--------------------------------------------------


src:  엄마는 원래 그랬어
gt    (0.314601): 응. 어렸을 때는 나에게 너무도 당연한 것까지 모르셔서, 알려 드릴 때마다 화가 났었다
trg 0 (0.505726): 아빠가 속 많이 썩여서
trg 1 (0.475896): 전에는 그랬지 엄마가 나 놀리는 재미 들려서 둘이 맞고도 많이 쳤는데
trg 2 (0.475854): 니네 엄마는 진짜 별로였나 보다
trg 3 (0.474324): 엄마가 왜 뭐라 그러셔?
trg 4 (0.468931): 아빠도 속이 안 좋나 봐
trg 5 (0.467679): 아빠는 말이 안 통해 으휴
trg 6 (0.460605): 엄마가 정신이 왔다갔다 해
trg 7 (0.436780): 그래도 딸이 잠깐이라도 좋아 했으면 된거지
trg 8 (0.433771): 아빠는 피부가 두꺼워서 괜찮아 아냐
trg 9 (0.433511): 엄마 속썩일뻔 했어 ~
--------------------------------------------------


src:  얼마나 잘 찍었길래 그러냐
gt    (0.175856): 나도 궁금하긴하네 하하
trg 0 (0.609465): 잘 찍고 왔어?
trg 1 (0.597577): 거의 800장은 찍었나 봐
trg 2 (0.559191): 계속 무표정으로 카메라 쳐다보면서 찍어
trg 3 (0.557295): 안 그래도 아까부터 찍고 있어 계속
trg 4 (0.539360): 못생겨서 안 찍는 거 아니야?
trg 5 (0.537519): 카메라로 확대를 해서 보다니
trg 6 (0.529532): 거기서 왜 찍냐고
trg 7 (0.508082): 지금은 아마 찍고 있을 걸.
trg 8 (0.507066): 카메라 입장도 생각 해줘야지
trg 9 (0.488331): 인생 사진 무조건 건져야 해
--------------------------------------------------


src:  급여는 괜찮고? 일한 만큼 벌어가는 시스템인가?
gt    (0.304567): 응응 그것도 그런데 영업이야...
trg 0 (0.614380): 그런 건 안정해져 있고 사장님이 주고 싶은 만큼?
trg 1 (0.556370): 돈은 그냥 150 정도? 일주일에 4번 정도 출근 해
trg 2 (0.523224): 응응 끽해야 한달 정도일 것 같긴 한데 어쨌든 일은 그만둬야 하니까
trg 3 (0.517386): 어느 정도는 법적으로 일하는 시간 줄이는 거 같던데?
trg 4 (0.517053): 지금 나의 빡센 근무는 그저 1월 이후 일자리가 없을까 봐 해 놓는 거긴 한데...
trg 5 (0.516888): 그런 경우도 있고 프리랜서도 있고!
trg 6 (0.510852): 한 50 받던데 나보다 더 잘 벌어
trg 7 (0.506453): 아니지 직원마다 인사고과 점수로 연봉 협상 하고 있어
trg 8 (0.485844): 오 급여만 괜찮다면 일할 맛 나지
trg 9 (0.480218): 계약직은 아닙니다 저 여기서 2년 있었습니다
--------------------------------------------------


src:  고생 했겠네...
gt    (0.134984): 나도 간 지 꽤 오래 됐는데 겨울옷 하나 사러 가야겠다
trg 0 (0.500652): 힘들었겠다!
trg 1 (0.473843): 진짜 힘든 이주였어
trg 2 (0.467415): 진짜 고생했어
trg 3 (0.463424): 진짜 너무 힘들었겠다
trg 4 (0.461776): 뜨거웠겠다
trg 5 (0.445196): 에고 정말 힘들었겠다 [UNK]
trg 6 (0.435718): 병원비 많이 나왔겠다
trg 7 (0.423993): 일은 근데 쉽고 돈 많이 주니 했었지 [UNK]
trg 8 (0.422833): 너는 아빠 군번? 아들 군번? 어땠어?
trg 9 (0.422736): 그러게 군대 어땠어?
--------------------------------------------------


src:  머리카락도 가늘고 얇고 적어서 딱 달라붙어있고 눈가에 주름도 자글자글하고...[UNK]
gt    (0.633946): [UNK]... 지금이라도 피부관리받으러까진 아니더라도 집에서 잘 케어해줘봅시다[UNK]
trg 0 (0.633946): [UNK]... 지금이라도 피부관리받으러까진 아니더라도 집에서 잘 케어해줘봅시다[UNK]
trg 1 (0.561459): 나는 갈수록 진해지네요... ; 나이 탓이긴 한데... 인상을 안써야...
trg 2 (0.516413): 환절기라 피부가 더 신경쓰이겠네요 [UNK]
trg 3 (0.480242): 지금부터라도 꼭 발라요.^^
trg 4 (0.478689): 좀 가꿔야지...나이 이제 많다 [UNK]
trg 5 (0.478320): 아... 보톡스도 주기적으로 맞아줘야 되나 보네요
trg 6 (0.470561): 피부 안좋아졌어요... ᄏ 게으름 피우다 망...
trg 7 (0.467484): 관리하다 보면 절로 부지런해지고 ^^
trg 8 (0.464917): 그건 나도 그래요. 아이크림만 얼굴 전체 발라요.
trg 9 (0.461129): 저는 화장을 못해서 그런가 큰 차이를 잘 모르겠더라구요[UNK]
--------------------------------------------------


src:  헐 그럼 집 주인이 나서야겠네
gt    (0.367140): 그니까 집 가서 자야지 계단에서 뭐 한대 [UNK]
trg 0 (0.516930): 형은 교도관이고 동생이 사는데... 옆집에서 항의하고 고소했더니 역고소하고
trg 1 (0.473615): 주택이라 매매 거래가 쉽지 않아서 세 들어 살 사람 구해놓고 가라고 해서... 휴;
trg 2 (0.463457): 그러면 윗집에서 보상 다 해줘야대
trg 3 (0.462645): 진짜 실제 사는 세입자가 있다더라...
trg 4 (0.460244): 건설사한테 몇 번 언질은 줬는데 안 했나보더라고
trg 5 (0.455829): 그러게 못 버리는 사람들은 그게 좋을 듯
trg 6 (0.448490): 전문 업체 불러야지
trg 7 (0.443408): 근데 그 집도 돈 줘야 된다고 알고 있는데...?
trg 8 (0.443283): 부동산 계약은 진짜 조심 해야돼
trg 9 (0.442941): 그치 전세 자금 보증해주는 제도도 있긴 하던데
--------------------------------------------------


src:  난 얼굴 잘 생긴 거 보다 비율 옷빨요 [UNK]
gt    (0.318595): 언니 얼굴 너무 보내요 [UNK]
trg 0 (0.556939): 얼굴은 몸매로 카바 되잖아요
trg 1 (0.532530): 원래좀멋져요 내가
trg 2 (0.508826): 비교만 합니다
trg 3 (0.508700): 우리는 피부가,[UNK] 일단 관리를 안해서,
trg 4 (0.502697): 키 작다하면 마지노선이 170...
trg 5 (0.502141): 키 작은 건 100% 유전자 맞아...ᄒ
trg 6 (0.489629): 나완전 아이키<정말좋[UNK] 다른애들도좋지만
trg 7 (0.465389): 한지민도 살이 좀 더 [UNK]야되는데
trg 8 (0.457180): 확실히 둘째가 이쁘다 하는짓도 글코
trg 9 (0.448820): 요즘 남자 연예인들 머리기르는거 별로였는데 얼굴이 별로여서 그랬나봄...
--------------------------------------------------


src:  난 아무래도 아직까지는 눈이 더 좋아
gt    (0.274020): 나도 그래 자주 못봐서 더그런가봐
trg 0 (0.605122): 아하 근데 녹은 눈은 너무 싫어 까[UNK]게 된 거 인정
trg 1 (0.587873): 나도 눈이 너무 좋아
trg 2 (0.584577): 나는 눈이 너무 좋아
trg 3 (0.580992): 나도 눈 좋아하는데 눈이 너무 안 와...
trg 4 (0.579040): 그러면 삿뽀로지만 나는 눈 싫어서 안 돼
trg 5 (0.569071): 눈 녹을 때면 너무 지져분해져
trg 6 (0.564189): 방송보면 눈 쌓여있고 그렇던데
trg 7 (0.563810): 그래도 눈이 온 거리는 정말 예쁘고 걸을 때 기분이 좋아지지 않아?
trg 8 (0.557679): 그래도 첫 눈을 내가 밟는 기분 너무 좋지 않아?
trg 9 (0.556859): 눈싸움이 재밌긴 하지
--------------------------------------------------


src:  맞아 아예 처음달부터 계속 켜놓는것도 난방비 절약에 꽤 도움이 돼
gt    (0.201138): 좀 춥게 살아야지 뭐...
trg 0 (0.582197): 보일러는 코드만 꽂으면 그냥 자유롭게 쓸 수 있어
trg 1 (0.543313): 아 진짜? 확실히 난방이 돼?
trg 2 (0.538688): 집에서 사용하면 전기세 많이 나오려나?
trg 3 (0.537289): 그래? 전기 보일러는 안쓰고?
trg 4 (0.503651): 그렇구나. 에어컨을 마음껏 틀수가 있구나.
trg 5 (0.493715): 그래도 틀기전 한번 더해야 하지 않을까?
trg 6 (0.492210): 씽크대에도 몇 군데 곰팡이 있던데 오면 뿌려야겠다
trg 7 (0.465395): 그럼 이번 여름에는 정말 선풍기 없이 보낸거야?
trg 8 (0.460075): 타 국가에서도 찬물로 샤워를 하는게 건강에 좋다는 연구결과가 있어
trg 9 (0.460045): 벌써 히터 트는 날씨라니~
--------------------------------------------------


src:  응 그럴수도잇겟다 일찍가서 일찍놀고싶으니까 뱅기값이 그럴듯
gt    (0.475121): 웅 서울가는건 젤 이른시간이 젤 싸군...
trg 0 (0.564653): 웅...서울갈때 뱅기탈거라서 다행이다
trg 1 (0.526104): 근데 제주도 비행기 티켓 값만 싼거 아니가
trg 2 (0.487823): 강원도 말고 제주도도 가고싶은갑네
trg 3 (0.484330): 가성비좋은곳잡아도비쌀걸 ^^
trg 4 (0.475230): 결제만 하면 뱅기 탑승 가능했던게...! 아예불가
trg 5 (0.475121): 웅 서울가는건 젤 이른시간이 젤 싸군...
trg 6 (0.472442): 카더라 싸고좋다데 호텔이
trg 7 (0.468707): 놀이기구타면 두통와서 안대...
trg 8 (0.465552): 비행기도 그렇게 비싸진않을 거 같은데
trg 9 (0.462539): 공항버스 안탄지 한오백년 [UNK]
--------------------------------------------------


src:  진짜 귀찮겠다 선생님
gt    (0.429277): 결석하는 애들이 많대
trg 0 (0.507958): 그냥 어떻게 하든 매일 혼나
trg 1 (0.456502): 그러니깐 그냥 오프라인 수업이 좋은데
trg 2 (0.449479): 그러니까 갑자기 나도 선생님 뵙고 싶네
trg 3 (0.445716): 웅 바로 퇴소
trg 4 (0.443060): 원격 교육으로 하라 해서 했어
trg 5 (0.439586): 응 아까 선생님님이 문자 주신거 내가 큐알코드 찍어서 했어
trg 6 (0.439523): 그치 그래서 선생님한테 말 못하는 경우도 있다는데 너무 안타까움
trg 7 (0.432177): 진짜... 그냥 정리해서 메일로 보내지
trg 8 (0.429330): 맨날 혼나다 보면 선생님이랑 친해지지 않나?
trg 9 (0.429277): 결석하는 애들이 많대
--------------------------------------------------


src:  아 오늘 야근해서 너무 힘들어
gt    (0.473323): 고생했어! 너무 늦은 시간이다
trg 0 (0.594593): 요즘 회사에 업무가 많은거 아니니?
trg 1 (0.554735): 너는 맨날 야근하잖아 하하
trg 2 (0.537039): 왜 무슨일 있는거야?
trg 3 (0.535716): 왜 피곤해?
trg 4 (0.535451): 진짜? 진짜 피곤하겠다
trg 5 (0.531392): 왜 무슨일이야?
trg 6 (0.517808): 왜! 무슨 일있어?
trg 7 (0.502871): 왜 어떻길래 아침부터 그래
trg 8 (0.495080): 일이 많은가보네
trg 9 (0.493261): 너네 팀장이 엄청 뭐라고 하잖아
--------------------------------------------------


src:  튼튼하고 넓다고 하더라
gt    (0.249547): 그러게
trg 0 (0.573687): 응 조용하고 연비도 더 좋대
trg 1 (0.519686): 디자인도 이쁘고 조용하더라 마음에 들어
trg 2 (0.505411): 일반 경차랑 뭐가 다를까?
trg 3 (0.497152): 한번 타보고 싶기는 하네
trg 4 (0.495365): 다른 지역에서 친구가 놀러오면 같이 타봐도 괜찮겠다
trg 5 (0.490393): 그 차 옵션은 어때?
trg 6 (0.488602): 근데 아무래도 2층으로 되어 있으니까 전고가 낮아.
trg 7 (0.486915): 나도 한번 타보긴 했는데
trg 8 (0.483681): 근데 5년 이상 탄다고 생각하면 승차감 무시 못해
trg 9 (0.478604): 그래도 난 좀 위험해보이던데
--------------------------------------------------


src:  내가 온라인 쇼핑을 진짜 못해서 그런 것 같아 [UNK]
gt    (0.238674): 근데 하루 만에 배송 되는 거는 좀 신기하다
trg 0 (0.583572): 응... 큰 맘 먹고 주문한건데 속상해[UNK]
trg 1 (0.518987): 아하 인터넷 구매는 그게 참 불편하긴 해...나름 저렴한가격에 사긴 했는데 반품하려니 반품비도 드네
trg 2 (0.496054): 엥 너 원래 옷은 인터넷 쇼핑은 잘 안하지 않았어?
trg 3 (0.486908): 하하 난 내가 사고싶었던 것들 광고로 뜰 때 짜증나. 계속 봐야하거든. 안 사려고 다짐했는데!
trg 4 (0.486424): 쿠팡 추천이나 리뷰 많은 건 은근 보장인데 별로야?
trg 5 (0.479440): 아무래도 직접 보고 사는 거니까
trg 6 (0.476668): 그래도 온라인 쇼핑몰에서 보면 리뷰가 많아서 좋아
trg 7 (0.472404): 왜 하필 내꺼야[UNK] 속상하네
trg 8 (0.468859): 나도 오해받은 적 있어[UNK]
trg 9 (0.460872): 왜 옷은 팔기 어려워?
--------------------------------------------------


src:  웅 겨울은 말고 여름 거 이번에 해 봤어!
gt    (0.243221): 여름 거면 그 아이스 박스? 말하는 건가?
trg 0 (0.542148): 오오 그때 전문가가 해주셨어?
trg 1 (0.494234): 너 패디큐어도 같이 했어?
trg 2 (0.492441): 와 진짜 많이 해봤네~
trg 3 (0.489629): 나는 한 번도 안 해봤는데 진짜 재밌어?
trg 4 (0.475394): 와~ 어디서 해봤어? 나는 가평
trg 5 (0.470107): 오 근데 너는 그거 어떻게 구했어?
trg 6 (0.464823): 올 뭐뭐 해봤어?
trg 7 (0.455172): 오 진짜 재밌었겠다 [UNK]
trg 8 (0.453476): 속눈썹 연장은 어디서 한 거야?
trg 9 (0.452203): 아 예전에? 어떤 알바해 본 거야?~
--------------------------------------------------


src:  기계 돌리는 일이면 안전 교육은 필수지~
gt    (0.660659): 맞아 그래서 달마다 안전 교육하는 거 같아!
trg 0 (0.660659): 맞아 그래서 달마다 안전 교육하는 거 같아!
trg 1 (0.495334): 좀 전문적인 부분들은 사람 쓰는 게 좋긴 한 거 같아
trg 2 (0.476016): 맞아, 그것도 호흡법이랑 배워야 한다더라
trg 3 (0.448233): 그래서 쉬어도 서서 쉬는 게 팁이라더라구~!
trg 4 (0.443464): 그런걸 따로 교육도 해?
trg 5 (0.428616): 나 원고 작성하는 거 하고 있잖아
trg 6 (0.427342): 그러네~ 그럼 너가 나한테 인건비만 준다면 내가 좀 고생하지 뭐~
trg 7 (0.418581): 그러니까 [UNK] 오늘 강사님이 환자 발견하면 "이분 보호자 계신가요!" 먼저 물어보고, 보호자 없으면 "제가 심폐소생술 교육을 받았는데 제가 심장 압박 시작하겠습니다!" 하면 동의 구한 거래 신기하제
trg 8 (0.417913): 컴퓨터보다는 뭐든지 기술은 하나씩은 가지고 있어야 되겠더라!
trg 9 (0.417501): 에이 그러면 기술 쪽 자격증 따 봐~
--------------------------------------------------


src:  소개팅 맞춤 쿠폰이 뭐야?
gt    (0.087814): 거의 인신매매네 생각해보니까
trg 0 (0.511409): 뭔데? 내가 주선자한테 얘기 듣기론 되게 괜찮다던데?
trg 1 (0.481291): 소[UNK]적에 소개팅했던 것들이 생각나더라
trg 2 (0.470059): 스벅 쿠폰 선물 하기 같은 거 있잖아
trg 3 (0.466489): 볼이랑 턱 끝에 맞았어
trg 4 (0.460737): 그것도 공식 커뮤니티 있어. 가입 해봐
trg 5 (0.454536): 깜짝 놀란거는 스타벅스 이벤트 같은거야
trg 6 (0.445703): 음 그냥 선물이랑 이벤트 했던 거 같아
trg 7 (0.443834): 스타벅스 20000원권 줬어.
trg 8 (0.439683): 난 카카오 선물하기에서 받았을 때 유용했던 건 상품권!
trg 9 (0.439520): 나 갑자기 브랜디에서 쿠폰이 왔어
--------------------------------------------------


src:  요새 그냥 지구가 난리다 [UNK]
gt    (0.395034): 인도는 요새 계속 난리네?
trg 0 (0.616457): 지구가 아파해...
trg 1 (0.578368): 지구는 정말 신비로워...
trg 2 (0.544138): 그러게...환경 보전 신경써야 되는데
trg 3 (0.537128): 빙하가 계속 녹고 있대 [UNK]
trg 4 (0.493394): 맞아 우리부터 지구를 아끼자
trg 5 (0.489895): 아마존의 나무들이 사라져 가는 건 있을 수 없는 일이야 [UNK]
trg 6 (0.487619): 진짜 지구도 언젠가 망할 텐데 너무 막 써...
trg 7 (0.478810): 맞아 숲 문제이기도 하지만 공기 오염도 장난 아니래
trg 8 (0.472851): [UNK] 인간들 때문에 동물들이 너무 고통받고 있어 슬프다 [UNK]
trg 9 (0.472196): 와 간판도 녹아...? 대프리카보다 부프리카인가...
--------------------------------------------------


src:  [UNK] 어디 좋은 곳 없을까? 실내 데이트...
gt    (0.404704): 음 혹시 방탈출 카페 가봤어?
trg 0 (0.510883): 아 진짜? 날씨 좋은 날 밖에서 놀아야지 클럽이라닝
trg 1 (0.503996): [UNK] 나도 뭐 매년 하듯이 밥이나 같이 먹고 외곽으로 산책이나 가겠지
trg 2 (0.502856): 아아 너 내일 데이트 있다고 했었나?
trg 3 (0.480493): 요즘 클럽 문 닫았잖아... 아쉽네
trg 4 (0.478043): 왜냐면 게스트하우스에서 친구 생김
trg 5 (0.461210): 오 그러면 오늘은 집 데이트 어때?
trg 6 (0.452823): 너 돗자리 있어?
trg 7 (0.448101): 그렇지! 이번 주말에 데이트 추천해!
trg 8 (0.446013): 공원 내 산책로라면?
trg 9 (0.441907): 머 술쟁이들이 날씨 가리니? 추진하렴.
--------------------------------------------------


src:  응 카테고리 별로 잘 나눠져 있어서 편해
gt    (0.132634): 나이대도 다양해?
trg 0 (0.536018): 파워블로거가 찾아서 광고하는 거구나?
trg 1 (0.520428): 새벽 배송도 있고 편리해
trg 2 (0.514731): 그리고 첫구매 이벤트로 막 100원에 살 수 있는 품목도 있더라
trg 3 (0.507556): 다음에 나도 한번 들어 가봐야겠다
trg 4 (0.506443): 그래? 거기 배송은 어때? 주문하면 바로 와?
trg 5 (0.503695): 어플로 주문하면 시간 약속은 정확하게 와?
trg 6 (0.498760): 양도 많고 편해서 좋더라
trg 7 (0.490699): 반품 비용도 만만치 않을 텐데 한 번에 여러 가지를 주문 하나 봐?
trg 8 (0.485409): 너가 쓰는 앱도 괜찮지?
trg 9 (0.480351): 오 좋다 또 배송료가 안 드는구나
--------------------------------------------------


src:  집에 가습기가 있니?
gt    (0.547784): 가습기는 아직 안 꺼냈어
trg 0 (0.555709): 가습기 고장났는데...
trg 1 (0.555115): 너무 건조하면 가습기 꺼낼까?
trg 2 (0.547784): 가습기는 아직 안 꺼냈어
trg 3 (0.531119): 가습기 틀어야 하는데
trg 4 (0.525354): 나는 얼굴이 건조해서 아파
trg 5 (0.525056): 가습기 씻어줄 사람...
trg 6 (0.524862): 아직 없어 사야할꺼 같애
trg 7 (0.480742): 요즘 엄청 건조해서 수분 크림 듬[UNK] 바르고 있어
trg 8 (0.470464): 아직은 아닌데 지금 알아보고 있어
trg 9 (0.459033): 맞아 그래서 가습기 꺼내야 해
--------------------------------------------------


src:  오히려 여름에 모기가 더 없었어요.
gt    (0.484645): 큰 모기에게 물렸나봐요 [UNK]
trg 0 (0.756615): 오히려 여름에 모기가 더 없었어요.
trg 1 (0.548108): 지금도 장마처럼 진짜 비가 너무 많이 와요.
trg 2 (0.488522): 가을 초입에는 비가 많이 와서 별로였는데요
trg 3 (0.484645): 큰 모기에게 물렸나봐요 [UNK]
trg 4 (0.477688): 우리 어렸을 때는 매년 여름이면 엄청 나왔는데...
trg 5 (0.476724): 너무 더웠어요...
trg 6 (0.470406): 곡식도 과일도 날씨가 좋아야 맛있게 익는데 가을장마때문억 과일 맛도 떨어졌다고 하더라~.
trg 7 (0.470157): 저도 벌레 너무 싫어서...
trg 8 (0.464920): 아 옷이 더웠어요?
trg 9 (0.450262): 싱싱하고 나름 괜찮았어요.
--------------------------------------------------


src:  오우 그렇게 까지 머리쓰면서 하는거 대단하다
gt    (0.426701): 마자 진짜 잘하는 사람들은 천재지
trg 0 (0.540427): 자전거 타는거 보다도 쉽더라니까
trg 1 (0.537136): 그러니깐 엄청 신기하게 하네 나도 해보고 싶다
trg 2 (0.516852): 그니깐 난 머리가 안돌아가서 맨날 어중간 하게 이득본다
trg 3 (0.513381): 쉬운 게임인거 같은데 한번도 못이기네
trg 4 (0.507138): 돈주고도 하기 힘든 경험이네 좋았겠다
trg 5 (0.506475): 한번 할 때 크게 집중해야 하나봐
trg 6 (0.497729): 응 근데 이번에 다시 시작하나봐!
trg 7 (0.495506): 그러게 그래서 그런지 더 재밌더라고
trg 8 (0.480821): 그리고 순위를 보여주는게 또 재밌어
trg 9 (0.478077): 의외의 해석이라 배우는게 많았어
--------------------------------------------------


src:  나도 요즘 못 가고 있어.
gt    (0.200954): 아... 영화를 너무 보고 싶어
trg 0 (0.497798): 움직이기가 너무 귀찮아.
trg 1 (0.495332): 코로나 때문에 더 안 가게 된 것 같아 이번 주에 나랑 보러 갈래?
trg 2 (0.489785): 코로나인데 못 가지~
trg 3 (0.486154): 왜? 매주 갈 일이 뭐가 있어?
trg 4 (0.473627): 나중에 치과 가는 게 더 귀찮아.
trg 5 (0.471678): 가족끼리 가고 싶은데 시간이 없어 [UNK]
trg 6 (0.469833): 우리 같이 갔잖아. 너두 나두 리커버리해야 하는데.
trg 7 (0.468848): 요새는 안가?
trg 8 (0.468551): 나도 어릴 때는 자주 갔는데 최근에는 간 적 없어
trg 9 (0.468128): 그래도 갈 거야?
--------------------------------------------------


src:  우리 #[UNK]이름# 기대가 크다고 하시네요 하하
gt    (0.531074): 어린 아기 같은데도 간식 싸기지고 간다고 하니까 기대하고 귀엽고 예뻐~~.
trg 0 (0.531074): 어린 아기 같은데도 간식 싸기지고 간다고 하니까 기대하고 귀엽고 예뻐~~.
trg 1 (0.522803): 네~ 연습하고 있을게요^^
trg 2 (0.518014): 우리#[UNK]이름#는 기억력도 좋아~~.
trg 3 (0.495448): 네 매장 가보니 아이들이 엄청 많았대요~
trg 4 (0.493739): 저희가 예매권도 많아서 예매해드릴게요
trg 5 (0.487363): 네네. 단톡으로 다시한번 얘기 할께요~
trg 6 (0.477824): 그동안 아빠랑 엄마랑 자고 싶은데 얼마나 참고 [UNK]겠니? 어린 마음에 ~.
trg 7 (0.464155): 네 생각-존박 이 노래야
trg 8 (0.461285): 반가우셨겠어요~
trg 9 (0.460934): 그럼여~ 처형도 같이 가실래요 산책?
--------------------------------------------------


src:  추억이 많이 쌓인 것 같아
gt    (0.460706): 다음에도 또 가고 싶어?
trg 0 (0.552129): 맞아 추억 회상할 게 많지
trg 1 (0.531917): 사진보다 더 생생하게 여행에 대한 추억을 남기니까
trg 2 (0.527330): 여러사람들 추억이 다시 살아나는 거라고 생각해
trg 3 (0.523151): 그래 이야기하고 공감하기 좋은 환경이니까
trg 4 (0.516866): 다같이 여행을 가도 재밌을 것 같아
trg 5 (0.500124): 그래서 우리가 자주 놀러간 것 같아
trg 6 (0.493841): 맞아 그때 보고 돈독하게 얘기도 많이 하고
trg 7 (0.484229): 데이트 자주 해야겠다!
trg 8 (0.477438): 남자친구랑 같이 여행 가서 좋았겠네 하하
trg 9 (0.475808): 진짜 조만간 꼭 가족 여행 가자
--------------------------------------------------


src:  미래의 부인 육아할 때 도와줄 거가?
gt    (0.539500): 도와줘야지 많이 도와줄 꺼다
trg 0 (0.539500): 도와줘야지 많이 도와줄 꺼다
trg 1 (0.485006): 아니 그건 생각해 볼게 시간이 없어
trg 2 (0.469732): 아니 뭐가 있어야 하지 않겠어요?
trg 3 (0.469106): 아 맞네 ~ 벌써부터 궁금하다... 오빠야 와이프 될 분...
trg 4 (0.467792): 응 그러겠지 육아는 갑자기 왜?
trg 5 (0.455912): 나요? 제안은 니가 한 거 같은데...
trg 6 (0.454472): 그래 닌 먼저 준비하고 하하...
trg 7 (0.453112): 행님 멋있다 [UNK] 완전 멋도리다 행님 약속한 기다!
trg 8 (0.450995): 아니. 센스만 있으면 돼
trg 9 (0.447388): 아녀 잘할 수 있어 준비
--------------------------------------------------


src:  그렇지 같이 사교 모임 만들었잖아
gt    (0.118327): 정말 모든 대통령은 다 감옥에 가
trg 0 (0.504097): 아 맞네 추석 때 우리 같이 편 먹고 게임 했었지
trg 1 (0.496184): 맞아 그땐 [UNK]도 모르고 그냥 이성친구 사귀는 거였지
trg 2 (0.468364): 응 문구사에 과자 내기 이런 거 했었다
trg 3 (0.458439): 축제도 하면 다른 학교 술 먹으러 가고 했는데
trg 4 (0.457186): 오 서로 뭐 할지 막 토론하려나
trg 5 (0.442262): 그런가 봄 우리 좀 통하는 게 많네?
trg 6 (0.436394): 맞아 나도 듣고 깜짝 놀랐어 같은 중학교였는데
trg 7 (0.434413): 맞아 그리고 되게 즐거웠어
trg 8 (0.432609): 우리 엄청 많이 하긴 했지
trg 9 (0.432264): 응응 그게 진짜 간신히 시간 내서 한 데이트 아닌 데이트
--------------------------------------------------


src:  너도냐 나도야 사이즈 뭘로 샀길래 그래
gt    (0.536878): 아니 나는 허벅지만 보고 샀거든? 근데 엉덩이가 껴
trg 0 (0.551729): 모델들이 너무 말라서 사이즈가 애매해
trg 1 (0.546471): 허벅지 사이즈 보고 사면 안되나 ᄒ
trg 2 (0.536878): 아니 나는 허벅지만 보고 샀거든? 근데 엉덩이가 껴
trg 3 (0.522928): 난 주로 빅사이즈에서 사야해 [UNK]
trg 4 (0.505329): 아니 이게 나도 추천 받아서 신고 나왔는데 진짜 달라
trg 5 (0.498687): 한번씩 나이키나 아이다스꺼...? 옷도 괜찮은 거 있음 이삼만 원에 티나 바지 종종 집어옴
trg 6 (0.491527): 난 3센티만 신어도 삼보 일넘어짐이야
trg 7 (0.489920): 싸구려 샀더니 너무 딱딱해서 엉덩이 아파
trg 8 (0.485541): 235신는 사람은 230으로 주문하래서 그렇게 했는데... 발볼이 좁아[UNK]
trg 9 (0.484185): m 사이즈인데 미치겠네
--------------------------------------------------


src:  말 다 했지 뭐... 왜 체육계는 아무 말 안 하는 거야 진짜
gt    (0.386055): 내 말이 진짜 즈그들끼리 싸고 돌고 난리도 아냐
trg 0 (0.511776): 근데 진짜 얘네 술 안 좋아하는 애들이 더 많은거 같은데 어쩌다 이미지 이렇게 됐나...
trg 1 (0.511385): 그러니까 [UNK] 공군이었나? 군대가 요즘 많이 개방적으로 됐다곤 해도 특성상 폐쇄성이 있으니 좀 엄격하게 왕따 문제 성추행 처벌 좀 했음 좋겠어
trg 2 (0.506473): 솔직히 왕따 자체도 문제지만 선생님 대처가 잘못되면 그게 2차 가해자 아니냐 [UNK]
trg 3 (0.494315): 올림픽 메달 따면 안 가잖아... 그거보다 더 국위선양인 듯
trg 4 (0.489067): 그니까 여초 집단 따돌림이 더 무섭잖아
trg 5 (0.482373): 아 또 학폭 논란이 있더라고... 우째
trg 6 (0.470449): 아이돌 뽑는 건데 굳이 저렇게 힘들 게 할 필요가 있냐며 통나무 굴리고 이러더라
trg 7 (0.468325): 학교에서 그렇게 했다고 하니깐 다들 욕에 욕을...
trg 8 (0.466426): 불쌍하다고 해야할지... 업이라고 해야할지;
trg 9 (0.462276): 그니까... 어차피 지금은 못 가지만 애들이랑 가서 그런 일 겪으면...
--------------------------------------------------


src:  나는 레이저사긴 했는데 자주 출력해서 토너 두번째 샀어
gt    (0.508623): 토너는 얼만데?
trg 0 (0.511830): 나 오십개는 써본듯!
trg 1 (0.508623): 토너는 얼만데?
trg 2 (0.502512): 나도 쓰던거 다써가는데 뭐로 사냐[UNK]
trg 3 (0.488378): 오 가격 괜찮다 어떤 성분이야?
trg 4 (0.477619): 내 손에 짜서?
trg 5 (0.470200): 면도크림처럼 쓰는건가
trg 6 (0.465062): 그런거 효과좀 있어?
trg 7 (0.464951): 아 언니는 지성이라 잘 맞는거야?
trg 8 (0.464172): 이건 파운데이션으로도 안가려져 [UNK]
trg 9 (0.461403): 누적!
--------------------------------------------------


src:  그러니까 요즘 티비 많이 없애기도 하더라고
gt    (0.436485): 우리집도 엄마만 보고 거의 방치 중
trg 0 (0.503810): 아 티비는 전화 오잖아 언제 온다고
trg 1 (0.486375): 요즘 안 되는 게 어[UNK]어요 다들 그렇게 찾아서 봐요
trg 2 (0.469799): 가족 다 같이 볼 수 있는 재미있는 예능이나 드라마가 나오면 좋겠네
trg 3 (0.461595): 티비 채널은 많은데 볼 건 더럽게 없음 하하
trg 4 (0.455695): 크롬캐스트 있으면 티비가 태블릿인데 필요없지
trg 5 (0.452442): 근데 직캠으로 보는 게 더 편하긴 해
trg 6 (0.452008): 어[UNK]지... 재방송을 이렇게 많이 하다니 했네
trg 7 (0.441710): 음... 아니면 넷플이나 유튜브 어때!
trg 8 (0.437489): 웅 요즘 어린이들도 봐줬으면 좋겠다... [UNK]
trg 9 (0.436485): 우리집도 엄마만 보고 거의 방치 중
--------------------------------------------------


src:  영어는 끝이 없잖아 [UNK]
gt    (0.215291): 자식 낳을 생각하니까 끔찍
trg 0 (0.553018): 영어 어렵지 [UNK] 나도 망했어 [UNK]
trg 1 (0.546227): 나두 영어공부 해볼까 싶은데 시작이 잘안되네
trg 2 (0.543725): 영어는 해도 안돼
trg 3 (0.542218): 난 영어만...
trg 4 (0.535903): 맞아 난 영어 못해서 영어 잘하는거 멋져보여
trg 5 (0.528387): 아 나는 영어 너무 싫어...
trg 6 (0.527564): 영어는 배워두면 좋지
trg 7 (0.525271): 영어 공부만 해도 진짜 성공해
trg 8 (0.522623): 나도 진짜 영어 배워야 한다는 거 뼈저리게 느끼는 [UNK]...
trg 9 (0.520996): 어릴 때 언어 배우는 건 좋은데 그정도여야 하나 싶기도해...
--------------------------------------------------


src:  축하해 축하해
gt    (0.397574): 왕왕 축하해
trg 0 (0.487839): 부자은행이면 나름 유명한 은행인데 축하해
trg 1 (0.469464): 오 드디어 반지 받은거야~?
trg 2 (0.468167): 그러게 곧 결혼하려고?
trg 3 (0.466093): 그니까 꼭 붙었으면 좋겠다
trg 4 (0.455836): 청약 잘 됐어?
trg 5 (0.453387): 결혼각잡고 소개받은거야
trg 6 (0.442830): 몇 학점 신청 했니?
trg 7 (0.441496): 맞아 결혼하길 잘한거 같아
trg 8 (0.437934): 그러게 이제 곧 결혼 날짜 잡겠네!
trg 9 (0.427436): 얼마나 있기로 했니?
--------------------------------------------------


src:  하하 맞아 별보면서 누워서 애기하고!
gt    (0.374853): 히히 담에 계획에 추가!
trg 0 (0.625053): 밤에는 별도 볼 수 있어가지고
trg 1 (0.542137): 맛있는거 먹고 해안도로 드라이브하고 오면 좋을 것 같아 하하
trg 2 (0.522420): 자연을 볼 수 있어서 좋은 것 같아 하하
trg 3 (0.521248): 그래 별도 보고 맛난거도 싸가서 먹고!
trg 4 (0.517525): 하하 그치 우리는 눈이 즐거워지니까!
trg 5 (0.496679): 웅웅 근데 밤이라고 생각을 안하는건가?
trg 6 (0.493299): 응응 하하 생각만 해도 좋다
trg 7 (0.488654): 도시락싸들고 수목원에 가고 싶어
trg 8 (0.482906): 하하 전에 친구가 갔는데 부럽더라고
trg 9 (0.481035): 응응 여름에 노을지는 하늘도 예뻤는데 요즘 구름 장난없더라 하하
--------------------------------------------------


src:  대박이네 그런 건 딱 지금 날씨가 최곤데
gt    (0.290643): 그러니까~ 근데 가을 오면 한 해가 다 가는 느낌이라 기분이 멜랑꼴리 해지기도 해!
trg 0 (0.478613): 그래서 나 바닷가에 앉아서 맨투맨만 입고 맥주 마셨는데 개꿀
trg 1 (0.471975): 근데 그리 덥지도 않대 하하
trg 2 (0.467730): 엉 그냥 자연 친화적인 도시야
trg 3 (0.465732): 제주도에 가는 이유가 그거인 거 같아 날씨 좀 어떻게 해줘 봐
trg 4 (0.464676): 여튼 가을을 기다렸지 낮에 낚시 할라고
trg 5 (0.460416): 엉 꾸준히 이 날씨면 얼마나 좋겠노
trg 6 (0.454271): 글[UNK] 거기다가 날씨도 최고!
trg 7 (0.452595): 웅 가을 장마인가 봐 언제 끝나려나. 가을 날 좋을 때
trg 8 (0.450343): 응 완전 안에 가 야자수 식물원처럼 꾸며 놔서 유명한 가봐
trg 9 (0.448428): 그니까 이럴 때는 차 끌고 나가모 안대
--------------------------------------------------


src:  응응 우리 둘 다 그거 마셔 보자!
gt    (0.530910): 좋아~! 근데 맛은 있을까...
trg 0 (0.582644): 엉~ 한 박스는 엄마랑 같이 나눠 마시자
trg 1 (0.553311): 좋아좋아 우리 다음 달에 먹으면 되겠다!
trg 2 (0.549236): 같이 사서 나눠 먹자!
trg 3 (0.538517): 좋지 그럼 내일 너네 집으로 갈게~
trg 4 (0.534081): 완전 좋아~!
trg 5 (0.530910): 좋아~! 근데 맛은 있을까...
trg 6 (0.520972): 응 집에 갈 때 음료수 사갈까?
trg 7 (0.484174): 응 그래 주면 나야 고맙지 [UNK]
trg 8 (0.480333): 그래 완전 좋아
trg 9 (0.478759): 응 좋아!
--------------------------------------------------


src:  그러게, 몸도 다칠 수 있다고 들었어.
gt    (0.393598): 맞아, 상하차 아르바이트 이후 몸이 너무 아파.
trg 0 (0.587052): 안전 장비를 잘 해야할거 같아.
trg 1 (0.553037): 응. 안전 장비 없이 타서 사고가 많이 난대.
trg 2 (0.536414): 맞아, 스모선수들은 너무 커서 생활하기 불편할 것 같아.
trg 3 (0.532518): 영상을 봤는데 정말 힘들겠더라.
trg 4 (0.532518): 영상을 봤는데 정말 힘들겠더라.
trg 5 (0.525976): 요즘 정말 조심해야겠더라.
trg 6 (0.494845): 오토바이는 순간 실수하면 죽는 거야.
trg 7 (0.490766): 헬멧은 따로 준비해야 하는 거지?
trg 8 (0.488340): 통풍 잘 되는 안전화는 없나?
trg 9 (0.480190): 왜? 조심해야해?
--------------------------------------------------


src:  베이징 동계올림픽도 해외관중 없이 한대
gt    (0.256838): 어 저도 봤어요! 코로나가 심해서 [UNK]
trg 0 (0.562985): 사람들 기대치도 높아서 더욱더 부담스러웠을텐데 정말 대단한듯.
trg 1 (0.531978): 어[UNK]지 관중석이 비어있더라
trg 2 (0.515219): 올림픽 끝나고 다양한 선수들이 티비에 많이 출연하는구나
trg 3 (0.508714): 국제 관계 위상이 더 올라갔겠군
trg 4 (0.501653): 뭐 중국 논란있는거 다 그림으로 올림픽이랑 잘~ 연결해서 표현했더라
trg 5 (0.498954): 이번에 배구랑 양궁이 대단했지
trg 6 (0.495531): 그럼 관리자 복장과 참가자 복장이 인기겠구나?
trg 7 (0.492710): g7과 eu의장국 그리고 신흥시장 12개국에서 참여했으니까 의미 있지
trg 8 (0.490904): 우리나라는 어디랑 하는거지?
trg 9 (0.488313): 그런거보면 우리나라 국민의식이 훨씬 더 선진국같아
--------------------------------------------------


src:  꼬리 살랑살랑 흔들면서 사람 좋아하고
gt    (0.359168): 벅수가 언제 웃었는데 [UNK]
trg 0 (0.564329): 아 정말 맞네 [UNK] 귀요미들... 재밌지
trg 1 (0.540098): 맞아 그런 애들 너무 귀엽지 않아?
trg 2 (0.528719): 근데 비둘기는 극혐인데 요새 유튜브에서 오리나 앵무새나 부엉이 키우는 거 보[UNK] 넘 기여워
trg 3 (0.522444): [UNK]바퀴 돌리는 것도 보고 싶다
trg 4 (0.509954): 맞아 귀여워
trg 5 (0.509346): 교감을 당하는 건 뭐야
trg 6 (0.504447): 맞아 너무 귀여워
trg 7 (0.493417): 막 달려드는데 안 무는 듯
trg 8 (0.492476): 귀여워요 완전 애교도 많고
trg 9 (0.491321): 나다 너무 귀여워 [UNK]
--------------------------------------------------


src:  아니 그때 너 전 여친이나 보여주러 다녔겠지
gt    (0.335310): 아니 여기서 내 전여친이 갑자기 왜나오는 거야 하하
trg 0 (0.550003): 나는 그때 너의 얼굴은 이후로 못보고 있음
trg 1 (0.479179): 어 집에 좀 있었던 거 같기도 하고
trg 2 (0.475491): 찐 현실 모습 아니냐고요
trg 3 (0.469858): 니를 본 기억이 없네
trg 4 (0.465591): 그 때 선물도 주고 그랬는데
trg 5 (0.454219): 어 맞다 사실 거짓말했음 하하
trg 6 (0.451673): 어 그때 손예진 진짜 리즈였잖아
trg 7 (0.447283): 그때 만났을 때가 끝임?
trg 8 (0.441952): 그런 거 진짜였을까 지금 생각하면 넘 웃긴데
trg 9 (0.439107): 그냥 너가 추억보정이 있는 게 아닐까
--------------------------------------------------


src:  맞아. 요즘은 광고에도 연예인 대신 가상 인간이 많이 나오고 있잖아
gt    (0.496034): 응, 기술이 많이 좋아져서 그런지 얼핏 보면 티가 정말 안나더라고
trg 0 (0.546453): 가상인물이라고 하니까 알 것 같기도 해
trg 1 (0.522299): 어, 하나의 트랜드가 되어 버린듯
trg 2 (0.521018): 요즘 에스엠의 행보를 보니까 그들은 이미 메타버스로 돈이 된다는걸 알았던 것 같아.
trg 3 (0.517364): 정말 영화에서만 보던 세계가 현실이 되니까 너무 놀라운 거 같아.
trg 4 (0.501020): 메타버스가 가상현실이니까 게임 속에 직접 들어가는 그런거겠지?
trg 5 (0.499649): 이번에 연예인들이랑 콜라보 했다면서?
trg 6 (0.496034): 응, 기술이 많이 좋아져서 그런지 얼핏 보면 티가 정말 안나더라고
trg 7 (0.489714): 메타버스를 연동해서 가상의 공간에서 게임을 즐길 수 있을거 같아.
trg 8 (0.487611): 증상현실을 이용해서 콘서트 같은 활동을 하면 재밌을거 같아.
trg 9 (0.477873): 맞아. 해외에서도 많이 주목을 받고 있지
--------------------------------------------------


src:  이 사건 아시죠?
gt    (0.540163): 아 이번에 기사 났죠
trg 0 (0.557247): 네 봤어요
trg 1 (0.543466): 네 알아요~
trg 2 (0.540606): 오늘 아침에 난 그 기사요. 저도 봤습니다.
trg 3 (0.540163): 아 이번에 기사 났죠
trg 4 (0.530164): 무엇인가요?
trg 5 (0.516831): 뉴스에서 봤어요
trg 6 (0.514670): 무슨일 생긴 거예요?
trg 7 (0.513669): 흉기를 휘두른 가해자가 오랫동안 정신질환이 있었데요.
trg 8 (0.503215): 어디서요? 어떤 나라에서요?
trg 9 (0.502874): 혹시 아세요?
--------------------------------------------------


src:  잘 살려나
gt    (0.124393): 부모가 자식 인생 망쳤어 [UNK]
trg 0 (0.462872): 예쁘긴 하죠
trg 1 (0.462633): 내 마음에 쏙 들더라
trg 2 (0.462494): 어 진짜 건드리면 안 될 정도로 분위기가 많이 바[UNK]
trg 3 (0.455469): 앞머리 그렇게 하고 더 닮은 듯
trg 4 (0.454791): 딱 봐도 피피엘 느낌 난다고
trg 5 (0.450457): 맞아 조명!
trg 6 (0.442867): 엉 안보임
trg 7 (0.438116): 근데 검은 흰지랑 별로 구별이 안가서 괜찮은[UNK]
trg 8 (0.437995): 소파는 회색이 대세 아닌가
trg 9 (0.436262): 어울림
--------------------------------------------------


src:  그것도 좋지만 선선한 가을날씨가 365일 이어져서 좋아
gt    (0.405583): 해가 지면 기온이 뚝 떨어지니까 겨울옷을 입어도 될 정도야
trg 0 (0.555182): 다들 봄 여름 가을 겨울 중에 어느 계절이 제일 좋아?
trg 1 (0.539460): 그렇구나 겨울은 쉬는날 있어서 좋아
trg 2 (0.527546): 난 계절의 느낌은 생기 있는 봄을 좋아하는데
trg 3 (0.524890): 인정 가을은 진짜 다 할 수 있는 날씨라고 선선하니 밖에서 술도 마실 수 있고 이제 산책도 갈 수 있고 [UNK]
trg 4 (0.516766): 봄은 사실 안 좋아하는 사람이 없을 것 같아
trg 5 (0.512973): 맞아 겨울에는 또 길거리 어묵이랑 붕어빵 먹는 즐거움이 있지ᄒ
trg 6 (0.509713): 비오는 날은 비가 와서 좋고
trg 7 (0.504763): 가을은 센치해지는 여행의계절이야
trg 8 (0.499145): 맞아. 난 춥지 않은 초겨울이 좋아.
trg 9 (0.496764): 나는 그래도 더운 여름이 좋다
--------------------------------------------------


src:  항구집.?
gt    (0.385819): 그런 거였는데 진짜 맛집
trg 0 (0.508750): 그 먹거리 구경하고 싶음.
trg 1 (0.494420): 음식 파는 곳이야? 아닝
trg 2 (0.475235): 양식점이[UNK]
trg 3 (0.468893): 영화많잖아 거기
trg 4 (0.453469): 오 바다여행의 별미...조개구이
trg 5 (0.448771): 도시어부도 하네 오늘
trg 6 (0.443421): 델리만쥬 냄새 맡고 가서 호두과자 사먹는 크크
trg 7 (0.435304): 아 그래 그집이 유명하댓제
trg 8 (0.432436): 속초!
trg 9 (0.427965): 일본식 라멘
--------------------------------------------------


src:  그럼 우리 각자 먹으면서 영상 통화 하면 되는 거야?
gt    (0.184733): 아 배고파
trg 0 (0.528487): 응 우리 잘 때쯤 들어 오실걸?~
trg 1 (0.510839): 그러지 않을까? 내려가서 먹자 엄빠 좋아하더라
trg 2 (0.491904): 응응 우리끼리 먹긴 좀 많겠네
trg 3 (0.482604): 어 그런 거 완전 좋아 곱창 전골 사갈게 하자 하자
trg 4 (0.459298): 엉~ 한 박스는 엄마랑 같이 나눠 마시자
trg 5 (0.458309): 응 난 그렇게 말하니까 해주더라고
trg 6 (0.457771): 응 그럼 내가 출발할 때 연락하면 되잖아
trg 7 (0.457657): 맞아! 그래서 같이 식당 고를 때도 편한 것 같아.
trg 8 (0.457319): 맞다 그랬었지~ 머 먹기로 했어?
trg 9 (0.455933): 응 맞아 나 그래서 가면 김밥이랑 김치 먹어 하하
--------------------------------------------------


src:  그렇지 국가 대항전이 재미있지
gt    (0.555351): 월드컵 자체가 세계인의 축제잖아
trg 0 (0.555351): 월드컵 자체가 세계인의 축제잖아
trg 1 (0.538038): 그렇지 한 나라를 대표하는 선수가 되는 거잖아
trg 2 (0.537835): 우리나라는 어디랑 하는거지?
trg 3 (0.523241): 전 보는 것도 하는 것도 좋아요
trg 4 (0.516327): 올림픽 이야기 하니깐 야구 생각난다
trg 5 (0.510613): 그리고 순위를 보여주는게 또 재밌어
trg 6 (0.503332): TV에서 대회도 많이 하고 있지
trg 7 (0.494953): 전 라인에 영향을 주니깐 제일 중요한거같아
trg 8 (0.493092): 외국 리그도 요즘 한국 선수들이 많아서 재밌어
trg 9 (0.492957): 이겨도 뭐하고 지면 힘들고
--------------------------------------------------


src:  난 보지 않았지 하하 심지어 무슨 내용인지도 모르지...
gt    (0.379145): 아 그거 북한 정부가 우리나라에 간첩 심는 영환데 거기 군대에서는 거의 나루토 닌자마냥 훈련받거든 근데 그거 진짜 북한에서 그렇게 한[UNK]
trg 0 (0.511559): 옛날 건데 난 진짜 무섭게 봤다 [UNK] 좀 잔인하기도 하고
trg 1 (0.504666): 남자친구가 보자고 졸라서 억지로 봤어 [UNK]
trg 2 (0.485306): 처음에 조금은 봤어~ 말 해봐 하하
trg 3 (0.477788): 근데 또 새로 시작한 거 재밌다는 사람들 많더라고 하하
trg 4 (0.462730): 내용 자체가 흥행할 만한 소재가 아닌 듯...
trg 5 (0.461675): 난 재밌게 봤는데 [UNK]
trg 6 (0.460855): 맞어 [UNK] 실화고 무슨 내전 얘기하더라고?
trg 7 (0.459756): 흘깃 하하 봤음 완전히 본 건 아니고
trg 8 (0.457794): 근데 난 다 보고 난 다음에 기사가 뜬 거라...
trg 9 (0.456984): 너도 아직 안 봤지
--------------------------------------------------


src:  진짜 미치겠다 힘들어서.
gt    (0.375911): 힘내라는 말 뿐이야.
trg 0 (0.478427): 방학때는 쉬고 싶었다고.
trg 1 (0.477444): 시급도 작고 일은 너무 힘들고.
trg 2 (0.461257): 퇴근해선 기절하겠는데.
trg 3 (0.455160): 야 힘줘도 된다.
trg 4 (0.452581): 돈 벌려고 했지 왜 했겠니.
trg 5 (0.452232): 그냥 오늘 차타고 나올 걸 그랬어.
trg 6 (0.446401): 너무 힘들어.
trg 7 (0.446401): 너무 힘들어.
trg 8 (0.445193): 낮에만 공사 해.
trg 9 (0.441591): 언니가 다이어트가 왜 필요해.
--------------------------------------------------


src:  그냥 계속 다니는 거야
gt    (0.163135): 응응 맞아 다들 그러더라구
trg 0 (0.488169): 이번엔 오래 다녀라
trg 1 (0.483724): 아 그럼 그나마 다닐 수 있겠다 [UNK]
trg 2 (0.471465): 다닐 수 있을 때까지 다녀 봐 그래
trg 3 (0.466296): 그만두고 싶은데 그냥 돈 없어서 다니는 거지 뭐
trg 4 (0.462636): 힘들어도 참고 다니라는 거지 에이
trg 5 (0.450972): 아 근데 실업 급여 받고 하면 비슷하지 않나?
trg 6 (0.449073): 실습 나가면 돈 안주고 그냥 4개월 동안 하는 거야
trg 7 (0.443269): 경력직이잖아
trg 8 (0.441985): 우린 인턴 6개월이잖아
trg 9 (0.440750): 2달 다니면 1달은 무료래
--------------------------------------------------


src:  응응! 그런 거 같애 애기 때부터 손 씻고 마스크 쓰는 것부터 배웠을 테니
gt    (0.339418): 맞아요 진짜 얼마나 잘하는지 귀여워요
trg 0 (0.463064): 근데 이제 와서 아는 거니까 그땐 다 모르는 것 같다 [UNK]
trg 1 (0.447627): 코로나 의식해서 얼마나 손을 많이 씻는지 모르겠어
trg 2 (0.440767): 오 지금은 감기 하면 심하게 생각 안 하잖아
trg 3 (0.439742): 영어 공부를 초딩 때부터 했는데... 아직도 영어가 어렵다...
trg 4 (0.437876): 부모도 교육이 필요하다궁!
trg 5 (0.437634): 애기들은 잘 안 걸린 댔는데 아닌가 봐
trg 6 (0.435652): ... 타고나야 되는 부분인 건가? [UNK] 부럽다 진짜
trg 7 (0.430697): 애기 좀 크면 이제 놀이공원 투어 가야제...
trg 8 (0.428934): 요새 인식이 많이 바꼈지 예전엔 좀 그렇잖아요 [UNK]
trg 9 (0.428059): 나도 진짜 영어 배워야 한다는 거 뼈저리게 느끼는 [UNK]...
--------------------------------------------------


src:  아 진짜 필리핀 대통령 선거 언제인데?
gt    (0.381620): 거기도 내년인거 같던데
trg 0 (0.555886): 음 그게 매년 선거 때마다 나오는 얘기래
trg 1 (0.509728): 말나온지 엄청 오래된거 아닌가?
trg 2 (0.502455): 그것도 아직 모른다던데?
trg 3 (0.501740): 미국 대선 작년이다
trg 4 (0.477219): 대선 주기는 5년아니야?
trg 5 (0.474719): 우리 초딩 때부터 총리였는데 우리 나이가 벌써~
trg 6 (0.468738): 웅 내년 대선이 먼저지?
trg 7 (0.464606): 몰라 찾아보니까 3차까지 있던데
trg 8 (0.459423): [UNK] 10월 23일인가?
trg 9 (0.457506): 일본은 수십년째 자민당 아냐?
--------------------------------------------------


src:  어떤 어플이야?
gt    (0.354377): 편리한 세상이야
trg 0 (0.644974): 휴대폰 어플도 따로 나왔어!
trg 1 (0.571889): 인스타글램 이라는 곳이야!
trg 2 (0.558151): 에누리 닷컴이라는 사이트 있어!
trg 3 (0.543405): 요즘은 어플로 쓰더라고...
trg 4 (0.518488): 지금 구글에 검색하니까 있더라고~
trg 5 (0.518200): 아 자동 로그인 되어 있는 곳
trg 6 (0.511078): 어플부터 깔아야겠다
trg 7 (0.506944): 사이트 말고 앱으로도 있어서 나도 많이 써
trg 8 (0.502850): 그것도 공식 커뮤니티 있어. 가입 해봐
trg 9 (0.488827): 다 어플에서 구매 하는 거야?
--------------------------------------------------


src:  응 기대 해 볼게!
gt    (0.417039): 내 결혼식에 포토부스 해 놓을 거니까 사진 많이 찍어가!
trg 0 (0.510988): 기대하고 있을게
trg 1 (0.447963): 고마워 ^^
trg 2 (0.447870): 무슨 선물 줄 거야?
trg 3 (0.447211): 고마워~
trg 4 (0.447211): 고마워~
trg 5 (0.446164): 기대된다용
trg 6 (0.440599): 엄청 기대하고 있음
trg 7 (0.440590): 응 첫 거래 해보고 후기 알려[UNK]
trg 8 (0.440494): 나도 고마워
trg 9 (0.438659): 또 도움 필요하면 언제든 연락해!
--------------------------------------------------


src:  나는 너한테 배운 거야 그래
gt    (0.326989): 내가 언제 그랬지?
trg 0 (0.465270): 진심으로 배운다는게 뭐야
trg 1 (0.457627): 잘못 배웠어
trg 2 (0.437000): 수학 좀 너한테 배워야겠어
trg 3 (0.423542): 그래 나랑 같이 꼭 배우는 거다
trg 4 (0.420453): 너 생각해준 건데 너무해
trg 5 (0.420030): 거짓말 치지 마
trg 6 (0.414238): 난 가르쳐 줘도 못하겠더라
trg 7 (0.413845): 역시 원조는 너 아니었을까 싶어
trg 8 (0.410325): 나는 거짓말 할 줄 몰라
trg 9 (0.408530): 왜 배워서 나 때리려고?
--------------------------------------------------


src:  오 그게 영화 제목이여?
gt    (0.503639): 웅웅 디즈니 옛날 영환데 진짜 재밌어
trg 0 (0.528618): 어 제인 캠피언 감독의 영화 말 못하는 여자 나오는 거
trg 1 (0.526017): 응 예전것~ 라이언 고슬링? 나오는영화야
trg 2 (0.517365): 엉 내용이 엄청 귀엽더라
trg 3 (0.503704): 응 정우성이랑 황정민 나오는듯
trg 4 (0.503639): 웅웅 디즈니 옛날 영환데 진짜 재밌어
trg 5 (0.498585): 응 강동원이 사기꾼 역할
trg 6 (0.488947): 아? 영화 제목과 매치가 안되네
trg 7 (0.477701): 응 나 그거 영화 알지
trg 8 (0.476589): 몇 년도 나온 영화에요
trg 9 (0.475896): 웅 넷플릭스에 뜨더라
--------------------------------------------------


src:  진짜 너무 오래 기다려서 화났는데 스벅 직원들 보니까 안쓰럽더라 [UNK]
gt    (0.220812): 맞아 그런 마음 쏙 들어가더라고 [UNK]
trg 0 (0.587947): 기다렸는데 먹지도 못하고...
trg 1 (0.523768): 예약 안 되고 무조건 선착순이라 진짜 빨리 왔는데도 없네... 새벽부터 기다려야 하나[UNK]
trg 2 (0.519339): 정말 기본적인 식빵을 만드는데도 이렇게 실패하니까 더 속상해 정말 [UNK]
trg 3 (0.512839): 응... 큰 맘 먹고 주문한건데 속상해[UNK]
trg 4 (0.510126): 너무하네...사내 카페 정도면 공짜로 해줄만도한데...
trg 5 (0.497186): 다음 사람 구해지는 대로 최대한 빨리 그만두고싶어[UNK]
trg 6 (0.481657): 무려 천원이나 올려줌...
trg 7 (0.481519): 마음이 안좋다. 우리동네에서 이런 일이 생기다니...
trg 8 (0.478753): 그런 진상 거래처가 꼭 있지.
trg 9 (0.478128): 그러게. 차라리 이 돈으로 과자나 사먹을 걸 그랬나.
--------------------------------------------------


src:  왜? 무슨 문제 있어?
gt    (0.277507): 뭐가 제일 스트레스인데?
trg 0 (0.562405): 컴퓨터가 고장 났어.
trg 1 (0.541635): 남자친구가 연락이 안 돼.
trg 2 (0.533379): 저장 버튼을 안눌러서 5시간 동안 작업한 파일이 날아갔거든.
trg 3 (0.519552): 전에 다니던 회사 시설이 너무 별로라서
trg 4 (0.512072): 렌트해서 드라이브를 하다가 상대방 차를 박았는데 심하게 망가졌나봐
trg 5 (0.510240): 사정있기 보다는 집을 비우는 시간이 많아서 관리를 못 할 거 같더라구 [UNK]
trg 6 (0.502247): 아무래도 샤프트에 문제가 있는 거 같아
trg 7 (0.497467): 중국에서 요소수를 수출하고 있는데 안하겠다고 했대.
trg 8 (0.496164): 이유는 모르겠어... 중국 시장에서는 코로나로인해 매출이 감소했나.봐
trg 9 (0.492150): 공급망이 막혀서 그렇다고 하더라고
--------------------------------------------------


src:  군대에선 그런 일들이 엄청 흔한가 봐...
gt    (0.435845): 한둘이 아니네 [UNK]
trg 0 (0.560066): 참... 돌아가신 분 군대 생활 당시에도 엄청 힘들었을 것 같다...
trg 1 (0.521046): 군대 생활 자체도 힘들 텐데... [UNK] 그런 일까지 당하면 정말 싫겠다... [UNK]
trg 2 (0.502262): 내말이... 나였어도 백퍼 폭행 당했을 거 같아 하하
trg 3 (0.499227): 부모님께 말씀도 못 드리고 혼자 얼마나 힘들었을까...
trg 4 (0.493752): 그래서 티나지 않게 간접적으로 괴롭히고 하나 봐
trg 5 (0.491709): 생각만 해도 끔찍하다 진짜...
trg 6 (0.480125): 군대의 조직 문제가 아니냐는 지적도 나온다더라구~
trg 7 (0.478574): 그런 일들이 우리 주위에서 벌어지고 있다니...
trg 8 (0.475261): 아이고... 착한 아들이었는데 너무 안타깝네...
trg 9 (0.465136): 진짜 멘탈 왕창 나갔을 거 같아 [UNK]
--------------------------------------------------


src:  너는 언택트 반려인이냐?
gt    (0.242414): 진짜 그런거 좋아하네
trg 0 (0.445484): 나 케빈이랑 함께할 거야
trg 1 (0.433572): 클스는 당연 케빈이지
trg 2 (0.421004): 아니 #[UNK]이름# 오빠 왜 안 봐 [UNK]
trg 3 (0.419448): 영화 아직 안 봤지 하하
trg 4 (0.416652): 령이의 말하는 방식을 이해를 못하겠어
trg 5 (0.407510): 너도 아직 안 봤지
trg 6 (0.407288): 해방타운 몰라? 그거 가정에서 해방 돼서 자기만의 공간 주는 거야
trg 7 (0.401897): 미안한데 나 요즘 거 잘 모른다
trg 8 (0.399961): 그거 아직 안 봤어?
trg 9 (0.397295): 저 무슨 ~장 너무 귀엽지
--------------------------------------------------


src:  그래서 내가 엄마한테는 절대 소개해주는 역할 하지 말라고 히잖아요
gt    (0.311608): 그래 솔직히 그게 나은 것 같다
trg 0 (0.586015): 어휴, 가족이야기하면 더 싫어지는걸, 모르는가
trg 1 (0.538994): 네 라고 대답해야 할 타이밍에서 자꾸 아니오라고 말하더만
trg 2 (0.536881): 그래...오해가 생긴거네이,[UNK]
trg 3 (0.523313): 언니가 어렸을때 엄청 착했나봐요
trg 4 (0.516478): 그래 그것도 이해가가고,[UNK]
trg 5 (0.515854): 그래도 애들이 언니 말을 잘 들어서 다행이죠
trg 6 (0.505549): 아하, 지금은 어떡하노,[UNK]
trg 7 (0.496957): 둘다 나이 어리니 맘대로 그러는듯요;
trg 8 (0.495125): 혼자다니긴 그렇겠어요^^;
trg 9 (0.489341): 그래... 요즘은 말도 하기 싫어하드라,
--------------------------------------------------


src:  그렇구나 너는 그래서 다시는 안 할 거야?
gt    (0.159532): 아니 뭐 좋은 데 있으면 소개 시켜줄래?
trg 0 (0.494672): 아냐 그냥 한 번쯤 하고 싶지만 목숨이 아까워서 못해
trg 1 (0.482096): 나는 최소비용으로 하려고 노력했지~
trg 2 (0.463499): 자라긴 하는데 굳이 할 이유를 못느껴서
trg 3 (0.463102): 아니 한번도 한 적이 없어
trg 4 (0.454907): 응 나는 그래서 극구 말렸지
trg 5 (0.443289): 지금도 쌍커풀 있지 않아? 굳이 또 하려고?
trg 6 (0.434574): 반반인 거 같아 난 더 즐기고도 싶고 한편으론 돌아가서 다시 못버틸것 같고
trg 7 (0.434145): 그래 해봐 하면 인상이 달라져
trg 8 (0.426951): 후회하면 하지 말아야 하는거 아냐?
trg 9 (0.423482): 아니 미안한데 나는 그냥 평범하게 살고 싶어
--------------------------------------------------


src:  정말? 조심해야겠네.
gt    (0.336723): 근데 나도 좀 으슬으슬해.
trg 0 (0.693691): 요즘 정말 조심해야겠더라.
trg 1 (0.599272): 그래, 앞으로 조심해주도록 해.
trg 2 (0.573118): 맞아. 항상 조심해야하는 것 같아.
trg 3 (0.563360): 왜? 조심해야해?
trg 4 (0.508734): 응. 안전 장비 없이 타서 사고가 많이 난대.
trg 5 (0.506962): 응 그래도 조심해야 해.
trg 6 (0.489909): 나도 조심하려고 노력하지만 생활소음은 어떻게 막아.
trg 7 (0.487851): 처벌 수위를 올릴 필요가 있는 것 같아.
trg 8 (0.485984): 어르신들이 조심해야지.
trg 9 (0.485661): 안전 장비를 잘 해야할거 같아.
--------------------------------------------------


src:  맞아 엄청 길게 했잖아
gt    (0.267343): 응응 하하 거기는 막 편하진 않았어 하하
trg 0 (0.537974): 엄청 오래 한 것 같았는데
trg 1 (0.536251): 응 근데 이번에 다시 시작하나봐!
trg 2 (0.495704): 그땐 게임이 그냥 재밌었잖아
trg 3 (0.492237): 승급전 떨어질 때 마다 힘들었겠다
trg 4 (0.491802): 지금 아니면 안된다 싶을 정도로 한다
trg 5 (0.489041): 이제 힘으로 하니깐 좀 버거워
trg 6 (0.487831): 한번에 100개도 하고했는데
trg 7 (0.481885): 근데 하도 하니까 할게 없어
trg 8 (0.480485): 그러게 깨면 다음 판이 기다리잖아
trg 9 (0.480466): 맞아 옛날에는 2년 이상이지 않았어?
--------------------------------------------------


src:  누나랑 요즘도 자주 싸워?
gt    (0.572336): 누나가 이제 결혼해서 자주 안 싸운다
trg 0 (0.611968): 나는 요즘도 동생이랑 가끔 싸워
trg 1 (0.572336): 누나가 이제 결혼해서 자주 안 싸운다
trg 2 (0.571856): 싸우기도 많이 싸웠지
trg 3 (0.566147): 자주 싸워 진짜 애 낳고 겁나 싸운 듯
trg 4 (0.563018): 싸울 일이 없어
trg 5 (0.560427): 요새는 잘 안 싸우던데
trg 6 (0.546230): 평소에는 안 붙어 있어서 괜찮은데 엄마가 퇴근하면 반기다가 싸움나
trg 7 (0.541540): 싸울 일 많지~ 그럴 때마다 성불해야 된다
trg 8 (0.529312): 엄마랑도 싸우는 거야?
trg 9 (0.522062): 안 싸워?
--------------------------------------------------


src:  결혼 얘기 없어?
gt    (0.333384): 너무 이른 거 아냐?
trg 0 (0.558628): 아직 소문, 썰 정도 인거 같은데
trg 1 (0.540888): 사실 없어... 여친 생기면
trg 2 (0.519167): 결혼? 나는 아직 생각 없는데
trg 3 (0.512489): 아니 없어 괜찮은 사람이...
trg 4 (0.511603): 지금은 딱히? 생각이 없어
trg 5 (0.500442): 그러게 곧 결혼하려고?
trg 6 (0.498349): 응 난 일하느라 연애 관심 없어
trg 7 (0.493920): 아직은 생각이 없어요 [UNK]
trg 8 (0.490545): 근황을 못 물어봤네
trg 9 (0.490459): 결혼은 먼 미래 같다.
--------------------------------------------------


src:  웨딩포토가 제일 중요하고 솔직히 본식은... 나도 별로야
gt    (0.376206): 돌잔치도 비싸?
trg 0 (0.622849): 그러니까요 [UNK] 진짜 그 재미인데 결혼식 재미없어
trg 1 (0.610369): 맞아여 하하 손님 입장에서는 결혼식은 식사하러 가는 거라 식장 규모나 장식 따위 눈에 안 들어옴
trg 2 (0.577627): 어[UNK]지. 돈에 비해 답례품이 너무 허접해 [UNK] 받을만한 게 진짜 없어
trg 3 (0.542250): 리마인드 웨딩으로 원하는 대로 해봐
trg 4 (0.541905): 난 그냥 모두가 기분 상하는 일 없이 보통의 결혼식을 하고 싶어
trg 5 (0.523541): 맞아 나도.... 특히 결혼식 말이야[UNK]
trg 6 (0.517779): 남편이 중심인 결혼식이 별로더라고
trg 7 (0.509854): 그냥 소소하게 너무 화려한 것도 안 좋아해 나는 [UNK]
trg 8 (0.509233): 아...[UNK] 요즘 막 가족사진 무료로 찍어 준다는 광고 다 사기라더라!
trg 9 (0.505565): 결혼식 옷 맞춤은 정말 힘들어
--------------------------------------------------


src:  오 근데 그중에서 또 뽑혔네?
gt    (0.373313): 응응 그래서 기분이 좋았지
trg 0 (0.525008): 응응 서울대 출신은 다른가?
trg 1 (0.520258): 오프로 뛰었대
trg 2 (0.501011): 네네 저보고 매니저까지 하라고 했어요
trg 3 (0.498058): 응 일본팬 관리를 하더라고!
trg 4 (0.489891): 그치 누군지도 모르는데 어떻게 뽑아요?
trg 5 (0.489197): LCK하잖아 거기서 4팀이 이제 #[UNK]이름#에 나온거지
trg 6 (0.460986): 응 너무 잘하시더라고...
trg 7 (0.458748): 막 더 잘하거나 더 못하지는 않는듯
trg 8 (0.456846): 응응 근데 아마 적게 들은 걸껄? 찾아보지는 않음
trg 9 (0.453640): 2 안 나올 수도 있음 돈 벌고 갔다는 소문이
--------------------------------------------------


src:  그래 [UNK] 이름 알려[UNK]
gt    (0.326307): 나도 한번 볼[UNK]
trg 0 (0.435111): 내가 거기 어디인지 알려줄게!
trg 1 (0.433973): 이름 월드 하하
trg 2 (0.430787): 밥먹고 바로가보자
trg 3 (0.428408): 해운대에 블루라인 파크~
trg 4 (0.427287): 노래나왓으요
trg 5 (0.420654): 식염수 사간다!
trg 6 (0.420420): 혁신에 새로 생긴 곳...!
trg 7 (0.414771): 한번 가볼게!
trg 8 (0.410257): 역시너네도 도시좋아할줄알았어 ^^... 진짜가야할곳너무많아
trg 9 (0.407159): 내가 갔던 곳 알려줄게
--------------------------------------------------


src:  아 저번에 우리 농구 보러 같이 갔었다 참
gt    (0.470939): 아 진짜요? 그때 어땠어요?
trg 0 (0.553434): 아 진짜요? 오 저 농구 규칙도 잘 모르는데
trg 1 (0.546845): 아 진짜? 나는 야구 한번도 본 적 없어서 잘 몰라
trg 2 (0.546845): 아 진짜? 나는 야구 한번도 본 적 없어서 잘 몰라
trg 3 (0.538888): 대단하네...? 혹시 야구 보시니? 박수 준비?
trg 4 (0.534049): 아놔 야구를 진짜 사랑하시네
trg 5 (0.515907): 그럼 알지 그래서 직관도 가고 했잖아
trg 6 (0.514591): 야구? 다 같이 가면 좋지~
trg 7 (0.503966): 서울 야구?
trg 8 (0.497602): 아 그럼 경기 보러 갔을 때 더 좋아
trg 9 (0.492889): 야구장 가면 재밌는데, 룰 몰라도 그 분위기가 엄청 재밌어
--------------------------------------------------


src:  다 핑크빛이라 끝날 것 같아서 술퍼[UNK]
gt    (0.213563): [UNK] 단 한 회만을 남겨두고 있읍니다
trg 0 (0.476892): 이번엔 어떤 분위기야?
trg 1 (0.465283): 초록색 하하 기분 전환 제대로 됐잖아
trg 2 (0.464482): 오 난잔 블랙 아녀?
trg 3 (0.461916): 투샷은 난 진짜 심장 떨리더라...
trg 4 (0.456925): 야 핑크는 너무 나갔다
trg 5 (0.451105): 와...이러다 1년만이 가겠다...
trg 6 (0.449397): 맞아 나도 한잔 하고싶네...
trg 7 (0.443071): 나는 근데 사람들이 브라운으로 하지 말래!
trg 8 (0.441754): 이번엔 안뿜디?
trg 9 (0.441432): 그거까지 끝나면 뭐해?
--------------------------------------------------


src:  고마워 언니 하필 코로나 때 입대해서 진짜 너무 힘들었어.
gt    (0.426838): 군대에서 외출 외박도 잘 안 줬겠다.
trg 0 (0.566738): 마지막 고생이었으니까 좋게 생각해.
trg 1 (0.531599): 맞아, 군대가 이렇게 힘든 줄은 몰랐어.
trg 2 (0.525537): 맞아, 이 시기에 군대 가면 너무 힘들겠다.
trg 3 (0.511990): 그래도 휴가를 주니까 다행이네.
trg 4 (0.498125): 다음에 편지라도 보내줘.
trg 5 (0.492658): 너 가서 울고만 있다가 오는 거 아니냐.
trg 6 (0.491778): 약이랑 죽 사다주고 몸 계속 체크해줬어.
trg 7 (0.484010): 이제 팔 사용하는데 문제 없어서 다행이긴 하다.
trg 8 (0.480976): 그렇게 안심하니까 너무 걱정하지 않아도 돼.
trg 9 (0.471881): 훈련소 때는 그렇다 쳐도 평소에 통화하기 힘들 거 같아.
--------------------------------------------------


src:  아오 누나가 내 모자를 가져갔어어어어
gt    (0.268497): 오 누나도 너 옷 같이 입어?
trg 0 (0.560429): 심지어 모자도
trg 1 (0.488709): 아 그거 내가 말렸거든
trg 2 (0.476479): 아 진짜? 대박 강아지 가방에 메고 갔어?
trg 3 (0.475296): 아 그건 엄마 친구 딸 입던 거야
trg 4 (0.469255): 자기 모자 많은데 왜 또 사주냐고 -;
trg 5 (0.465703): 근데 그건 머리가 안 묶여서[UNK]
trg 6 (0.464532): 나도 손 물렸었는데
trg 7 (0.464192): 헐 나 지금 그때 산 물건들 배송시작했다고 연락와서
trg 8 (0.461207): 그거 고무신발이라서 늘 빨아 주셨음
trg 9 (0.454809): 응? 맨발로? 장화도 안신고?
--------------------------------------------------


src:  괜찮아 난 면허증 없어서 생각도 못 해보는 방법이야
gt    (0.300336): 너도 다음에 렌트해서 다녀와 봐!
trg 0 (0.548651): 근데 면허 따고 바로 운전 하면 조금 위험해
trg 1 (0.539787): 자가 운전을 하면 더 편한 세상을 살 수 있어!
trg 2 (0.524891): 나는 덜렁거리는 성격이라 빨리 못 딸 것 같기도 해
trg 3 (0.519516): 경찰청에서 너네 회사까지 버스 알아봐
trg 4 (0.518909): 무조건 안전 운전 적응 될 때까지 느리더라도 천천히 운전해
trg 5 (0.503009): 근데 처음엔 누구나 긴장되지 하지만 계속 운전해보고 하면 실력도 금방 늘고 자동차랑 한 몸이 된다더라
trg 6 (0.500767): 헬멧 필수지! 이번에 친구가 오토바이 빌려주면 내가 한번씩 태워줄게!
trg 7 (0.500069): 그리고 너 저번에 운전하는게 제일 재밌다면서
trg 8 (0.495494): 형 면허도 있잖아
trg 9 (0.494321): 같이하자~ 나도 이제 슬슬 장롱면허에서 탈출 해야겠다
--------------------------------------------------


src:  우주 산업도 있어?
gt    (0.469026): 아 맞아, 우주 정거장이었나?
trg 0 (0.534385): 우주 쓰레기 청소부 이런 거 생기면 개웃기겠네
trg 1 (0.531662): 오징어 게임 비슷한 뭐 만든다던데
trg 2 (0.503672): 우주 언제쯤 갈까?
trg 3 (0.499550): 발사체까지 순 우리나라 기술로 만든게 처음이래
trg 4 (0.495822): 우리나라도 만들어 낸다던데
trg 5 (0.494285): 이게 도킹부가 필요 없는 여행용 우주선이니까 도킹부를 없애고 투명 돔 형태로 만들어서 실시간으로 우주 감상이 가능하고
trg 6 (0.490105): 그치 우주에서 대략 10분 정도 머물고 올 예정이래
trg 7 (0.482944): 사막에 미국 항공 모항 모형 만들어 놓고
trg 8 (0.478067): 국뽕 차오른다...
trg 9 (0.476087): 러시아인가 미국~
--------------------------------------------------


src:  이제 못 그려
gt    (0.238749): 어릴 때는 꽤 괜찮았는데
trg 0 (0.536788): 어? 어릴 때 그림을 좀 배워 놨어야 했는데...
trg 1 (0.522375): 진짜 왜 그려지지? 니가 보여
trg 2 (0.508516): 언제부턴가 자꾸 그리고 싶어 지더라고
trg 3 (0.499889): 그린 거 본 적 있어?
trg 4 (0.494710): 큰그림이다
trg 5 (0.461540): 딸램 미술 싫어해서
trg 6 (0.432557): 그림 잘그려야 만화가돼
trg 7 (0.431902): 나는 미술을 별로 안 좋아해서 패스
trg 8 (0.426084): 이름 외우는데 100년 걸리듯 아냐
trg 9 (0.425229): 그럼 미술 쪽으로 배워보지
--------------------------------------------------


src:  나 왜 사람들이 시골 떠나는지 알게되었다고 해야하나?
gt    (0.464298): 나도 그런 사소한 불편함때문에 서울온거자나
trg 0 (0.513177): 협소주택이랑 땅콩주택이 같은말이야
trg 1 (0.496264): 평생 시골에만 살아서
trg 2 (0.494936): 잉? 무슨말이야?
trg 3 (0.494679): 간첩같아[UNK] 그럴라면 왜 내려왔어?
trg 4 (0.488912): 지금 나 사는곳은 모든게 멀어서 너무 힘들거든 너무 불편해
trg 5 (0.468692): 갑자기 왠 시골이야?
trg 6 (0.464298): 나도 그런 사소한 불편함때문에 서울온거자나
trg 7 (0.457829): 전에는 농경사회였잖아.
trg 8 (0.452452): 도대체 있다는거야 없다는 거야?
trg 9 (0.451855): 우리동네는 시골이라 당연하지.
--------------------------------------------------


src:  거기 안심도 맛있고 원카츠도 맛있어 츄릅...
gt    (0.509743): 원카츠가 아예 메뉴 이름인가 보네!
trg 0 (0.514283): 에바임 난 아무리 맛집이어도 그만큼 기다려서 못 먹어...
trg 1 (0.509743): 원카츠가 아예 메뉴 이름인가 보네!
trg 2 (0.491534): 요즘 떡볶이랑 치킨이랑 세트로나와 그건 별루야?
trg 3 (0.479585): 아 좋다 당장 먹으러가자
trg 4 (0.473704): 아 그러면 돈까스인데 치돈으로 고고
trg 5 (0.469278): 지코바? 치킨 브랜드 이름 아니야?
trg 6 (0.468987): 헤이즐넛도 내가 사 감
trg 7 (0.462648): 오 진짜 맛있어서 2개 먹어야 하는데 더 먹고 싶던데
trg 8 (0.459260): 호식인가 시켜
trg 9 (0.456065): 아항 호치킨은 봐준다
--------------------------------------------------


src:  그래 남편이 초행길이라고 부담스러워해서 말이야
gt    (0.514203): 별로 복잡한 경로는 없으니까 걱정마
trg 0 (0.567939): 그래 시간 조정해보고 다니면 좋지
trg 1 (0.533784): 아 그렇네 한시간 넘게 걸릴줄 알았는데 30분 좀 넘으면 괜찮긴하다
trg 2 (0.520614): 지방은 도로사정이 확실히 낫더라고
trg 3 (0.519153): 그래도 요즘엔 지름길을 많이 알아놨어요
trg 4 (0.514203): 별로 복잡한 경로는 없으니까 걱정마
trg 5 (0.513763): 차가 있으면 좀 떨어져있어도 좋을것 같아 안복잡하고
trg 6 (0.510245): 엄마랑 저랑 운전 시작한게 비슷할거예요
trg 7 (0.499439): 그래서 감으로 운전해 앞이 잘 안보이거든
trg 8 (0.484971): 난폭 운전이라는 말도 있었으니까
trg 9 (0.484842): 그래 잘 알아보고 천천히 계획 세워서 해봐
--------------------------------------------------


src:  그런 이상한 걸 사냐... [UNK]
gt    (0.278104): 그전에 판 사람들이 승자네
trg 0 (0.495502): 휴 [UNK] 절대 안 산다 안 사.
trg 1 (0.481509): 실패템 나오면 기분 조짐...
trg 2 (0.472728): 자기가 운동하려고 쇼핑몰에서 구매한 거잖아...
trg 3 (0.471362): 세일 때마다 매번 속는 거 같기도 하고
trg 4 (0.471052): 내 말이... 예뻐서 산다고 한들 어디서 입나요...?
trg 5 (0.467301): 자기 전에 누워서 졸린 눈 비벼가면서 쇼핑물 뒤지는 게 포인튼데...
trg 6 (0.459985): 나 이번에 산 조립컴으로 어케 안되려나...
trg 7 (0.455067): 인터넷 쇼핑몰에서 보면 결정 장애라 못 사 [UNK]
trg 8 (0.441773): 아무도 살 수 없다...
trg 9 (0.437490): [UNK] 돈을 떠나서 그런 거 아깝단 말이야
--------------------------------------------------


src:  강아지 커피 먹으면 안 된다
gt    (0.213307): 알고 있어
trg 0 (0.462988): 그런 거 자꾸 먹이면 안돼
trg 1 (0.451861): 웅 당근 벅수는 밖에 나가야 똥 싸!
trg 2 (0.446801): 강아지 토한다는 거 첨 들었어
trg 3 (0.443383): 아 고양이가 변을 못 보나?
trg 4 (0.436151): 커피 먹으면 못 자는 거 아냐 [UNK]
trg 5 (0.435863): 안돼 그럼 안 먹을래 난!
trg 6 (0.431925): 강아지가 뭔 잘못이고 하하
trg 7 (0.429837): 강아지 고구마 먹어도 돼?
trg 8 (0.428775): 그럼 그 사료 바로 쓰레기통행...[UNK]
trg 9 (0.427552): 커피 말고 물 먹는 습관 기르셈
--------------------------------------------------


src:  나도원래 카카오 알러지 같은거 없었어 근데 22살인가그때부터 생김
gt    (0.395631): 근데...두드레기 그냥 [UNK] 나는건 봤지...
trg 0 (0.590847): 나도 업져 백신맞앗을때 알러지반응 잇엇냐고 물어보긴하더라고
trg 1 (0.498613): 비염은 완치가 없는거같던데
trg 2 (0.474786): 응응 그렇게심하지않더라
trg 3 (0.472629): 입벌리고 자나
trg 4 (0.471572): 허[UNK]게 거기가 딱지도 앉아있고 콧물은없었음
trg 5 (0.470539): #[UNK]이름#도 이렇게 만든데 원인이 있으니 이제 난 알아서해라 싶다
trg 6 (0.454266): 그래도 계속 기침나도 안좋다는 소문을 내가 들었는데에
trg 7 (0.448600): 버티면 낫던데 이젠...면역력도 바닥인가봐
trg 8 (0.443368): [UNK] 어떡해?그럼?
trg 9 (0.441607): 웅...애들은 폐렴도 자주 앓아서... 신랑회사에 인자사 방역나왔대
--------------------------------------------------


src:  그러게 없는 형편에 테이프를 다 샀었네.
gt    (0.565966): 그때 정품 테이프가 있었던거야?
trg 0 (0.565966): 그때 정품 테이프가 있었던거야?
trg 1 (0.552952): 근데 원석반지를 만들 원석들도 같이 사느라 5만원이야.
trg 2 (0.530925): 언니도 수제 인형의 세계로 들어오는구나.
trg 3 (0.528444): 지독한 마이멜로디 중독이네.
trg 4 (0.526616): 맞아 팔리면 좋고 안 팔리면 어쩔 수 없고~ 했는데 비싸게 팔림.
trg 5 (0.513899): 비싸게 주고 샀는데 입을 일이 없어서 아깝더니 잘 됐다.
trg 6 (0.512193): 뭘 또 팔은 거야 대체.
trg 7 (0.504727): 그냥 이번 기회에 치워버려.
trg 8 (0.501194): 게다가 우리가 장난을 너무 많이 쳤잖아?
trg 9 (0.496634): 그런데 살팝코팅 틀은 버터칠을 안해도 그냥 잘 떨어져.
--------------------------------------------------


src:  뭐 지금 살 뿌릴듯
gt    (0.312397): 아직 덜 추운 거 같은데?
trg 0 (0.448464): #[UNK]이름#가 타격은 날아다니고
trg 1 (0.431571): 야야 아직 10월인데 벌써 걱정하냐
trg 2 (0.422987): 아직은 아니어도 출중하니 뭐
trg 3 (0.410000): 안돼 나중에 도가니 다 나가면 어뜨캐
trg 4 (0.407212): 왜 뭐가 더 미칠게 남아있나
trg 5 (0.406168): 아니 이제 얼마 안 남았다고
trg 6 (0.404713): 내년엔 잘하길
trg 7 (0.403239): 오자마자 다시 잡혀갈듯
trg 8 (0.399762): 부케 받을 준비하면 되나 했더니만
trg 9 (0.397425): 더우면 덥다고 또 안하고
--------------------------------------------------


src:  오오 가족 다같이 산책을?
gt    (0.516126): 웅웅 하하 근데 아마 엄마랑 주로 할거같아
trg 0 (0.551610): 어 가족들끼리 다같이 공원도 가고
trg 1 (0.546570): 아니! 이런 날에 혼자 걷기 너무 좋아
trg 2 (0.516126): 웅웅 하하 근데 아마 엄마랑 주로 할거같아
trg 3 (0.508402): 예전에는 자주 다녔는데 요샌 서로 바빠서 잘 안 가는 편이야 하하
trg 4 (0.479374): 응응 하하 걷다보면 당떨어져서 초콜릿 먹어야해
trg 5 (0.475145): 우리는 애기 재울려고 산책 나가
trg 6 (0.474212): 산책 하는 거 너무 좋아해
trg 7 (0.456209): 가을이 산책 너무 좋아해서 저기 공원이랑 중학교 돌아
trg 8 (0.453845): 강아지랑 산책하면 좋지 여유롭기도 하고
trg 9 (0.451602): 난 그냥 길동이랑 산책하고 운동할 것 같아
--------------------------------------------------


src:  어떤 [UNK]이 오빠를 좋아했음?
gt    (0.299157): 나 특히 음악 선생님이 좋아 해줬어
trg 0 (0.487647): 옷빨 잘 받고 재치 있고 예의 바른?
trg 1 (0.480964): 싫어하는 건 아니고 그냥 모름
trg 2 (0.480171): 근황을 못 물어봤네
trg 3 (0.477884): 내가 성질이 드러워서 긍가 다 받아 줌
trg 4 (0.473399): 음 근데 그 친구는 약간 그런 쎄한 느낌 있었음
trg 5 (0.468217): 물론 나도 좋아했었지
trg 6 (0.461859): #[UNK]이름#이는 그냥 재수 없는 상 이지.
trg 7 (0.458537): 나는 전진!
trg 8 (0.457404): 친했지 친구처럼 지내고 있다
trg 9 (0.455140): 니를 본 기억이 없네
--------------------------------------------------


src:  요즘 추웠다가 조금 따뜻해졌다고 이렇게 좋냐
gt    (0.386929): 맞아. 금방 또 추워진다고 하더라
trg 0 (0.545755): 인정 가을은 진짜 다 할 수 있는 날씨라고 선선하니 밖에서 술도 마실 수 있고 이제 산책도 갈 수 있고 [UNK]
trg 1 (0.508412): 요즘 비 안오고 시원하니 살 것 같아
trg 2 (0.507970): 너무 춥지도 않고, 덥지도 않고
trg 3 (0.507676): 맞아 더운 것 보다 난 좋아
trg 4 (0.497477): 요즘 나이가 먹었나 겨울을 못 버티겠어
trg 5 (0.486054): 제주도에 가는 이유가 그거인 거 같아 날씨 좀 어떻게 해줘 봐
trg 6 (0.473868): 맞아 겨울에도 바람 안 불면 추운 것도 참을 만한데
trg 7 (0.473306): 그러게 다음 주면 겨울이래 사람들이
trg 8 (0.472935): 요즘은 딱 가을 날씨라서 행복해 [UNK]
trg 9 (0.471985): 그래서 나 바닷가에 앉아서 맨투맨만 입고 맥주 마셨는데 개꿀
--------------------------------------------------


top1: 0.09585768249765925
top5: 0.1935556775255868
top10: 0.24527814548154844
